<?xml version="1.0" encoding="UTF-8"?>
<testsuite xmlns:xsi="http://www.w3.org/2001/XMLSchema-instance" xsi:noNamespaceSchemaLocation="https://maven.apache.org/surefire/maven-surefire-plugin/xsd/surefire-test-report.xsd" name="org.example.ReadExcelTest" time="0.525" tests="2" errors="0" skipped="0" failures="0">
  <properties>
[...]
</properties>
  <testcase name="readExcelDataUsingIterator" classname="org.example.ReadExcelTest" time="0.008"/>
  <testcase name="readExcelUsingForLoop" classname="org.example.ReadExcelTest" time="0"/>
</testsuite>