<?xml version="1.0" encoding="UTF-8"?>
<testng-results ignored="0" total="2" passed="2" failed="0" skipped="0">
  <reporter-output>
  </reporter-output>
  <suite started-at="2022-03-02T16:07:46Z" name="Surefire suite" finished-at="2022-03-02T16:07:46Z" duration-ms="16">
    <groups>
    </groups>
    <test started-at="2022-03-02T16:07:46Z" name="Surefire test" finished-at="2022-03-02T16:07:46Z" duration-ms="16">
      <class name="org.example.ReadExcelTest">
        <test-method signature="readExcelDataUsingIterator()[pri:0, instance:org.example.ReadExcelTest@126253fd]" started-at="2022-03-02T16:07:46Z" name="readExcelDataUsingIterator" finished-at="2022-03-02T16:07:46Z" duration-ms="6" status="PASS">
          <reporter-output>
          </reporter-output>
        </test-method> <!-- readExcelDataUsingIterator -->
        <test-method signature="readExcelUsigForLoop()[pri:0, instance:org.example.ReadExcelTest@126253fd]" started-at="2022-03-02T16:07:46Z" name="readExcelUsigForLoop" finished-at="2022-03-02T16:07:46Z" duration-ms="1" status="PASS">
          <reporter-output>
          </reporter-output>
        </test-method> <!-- readExcelUsigForLoop -->
      </class> <!-- org.example.ReadExcelTest -->
    </test> <!-- Surefire test -->
  </suite> <!-- Surefire suite -->
</testng-results>
